Arguments: 
  /usr/bin/node /usr/bin/yarn global dir --json

PATH: 
  /home/gunar/.bin:/home/gunar/.local/bin:/home/gunar/Applications:/home/gunar/.dotnet/tools:/usr/share/dotnet:/usr/local/bin:/usr/bin:/var/lib/snapd/snap/bin:/usr/local/sbin:/var/lib/flatpak/exports/bin:/usr/lib/jvm/default/bin:/usr/bin/site_perl:/usr/bin/vendor_perl:/usr/bin/core_perl:/home/gunar/.bin:/home/gunar/.local/bin

Yarn version: 
  1.22.17

Node version: 
  17.8.0

Platform: 
  linux x64

Trace: 
  SyntaxError: /home/gunar/dev/mindmatters/kennenlerntag/philipp/server/package.json: Unexpected token } in JSON at position 160
      at JSON.parse (<anonymous>)
      at /usr/lib/node_modules/yarn/lib/cli.js:1625:59
      at Generator.next (<anonymous>)
      at step (/usr/lib/node_modules/yarn/lib/cli.js:310:30)
      at /usr/lib/node_modules/yarn/lib/cli.js:321:13

npm manifest: 
  {
    "name": "server",
    "version": "1.0.0",
    "description": "",
    "main": "index.js",
    "scripts": {
      "serve": "nodemon ./server.ts",
      "build": "tsc",
    },
    "keywords": [],
    "author": "",
    "license": "ISC",
    "dependencies": {
      "express": "^4.17.3",
      "ts-node": "^10.7.0",
      "typescript": "^4.6.3"
    }
  }

yarn manifest: 
  No manifest

Lockfile: 
  No lockfile
